2026-05-31 15:21:33,553  Found 5 CSV files:
2026-05-31 15:21:33,553    EURUSD_i_M1_200001030001_200412311901.csv  (101.4 MB)
2026-05-31 15:21:33,553    EURUSD_i_M1_200501030000_200912311859.csv  (93.2 MB)
2026-05-31 15:21:33,553    EURUSD_i_M1_201001040000_201412311959.csv  (117.5 MB)
2026-05-31 15:21:33,573    EURUSD_i_M1_201501020900_201912312059.csv  (108.9 MB)
2026-05-31 15:21:33,573    EURUSD_i_M1_202001020600_202505230134.csv  (116.3 MB)
2026-05-31 15:21:34,568    Loaded EURUSD_i_M1_200001030001_200412311901.csv: 1,766,600 rows
2026-05-31 15:21:35,509    Loaded EURUSD_i_M1_200501030000_200912311859.csv: 1,618,599 rows
2026-05-31 15:21:36,652    Loaded EURUSD_i_M1_201001040000_201412311959.csv: 1,845,554 rows
2026-05-31 15:21:37,759    Loaded EURUSD_i_M1_201501020900_201912312059.csv: 1,857,207 rows
2026-05-31 15:21:38,907    Loaded EURUSD_i_M1_202001020600_202505230134.csv: 1,998,014 rows
2026-05-31 15:21:38,949  Total rows after concat: 9,085,974  (elapsed: 5.4s)
2026-05-31 15:21:38,951  Raw dtypes:
date               str
time               str
open           float32
high           float32
low            float32
close          float32
tick_volume      int32
volume           int64
spread           int16
dtype: object
2026-05-31 15:21:38,951  
--- Parsing timestamps ---
2026-05-31 15:21:42,286  Index dtype : datetime64[us, UTC]
2026-05-31 15:21:42,295  Index range : 2000-01-03 00:01:00+00:00  →  2025-05-23 01:34:00+00:00
2026-05-31 15:21:42,302  
[Duplicates] 0 duplicate timestamps → keeping last
2026-05-31 15:21:42,302  [Order] Index monotonic increasing: True
2026-05-31 15:21:42,339  
[Zero/Negative prices] 0 rows → dropping
2026-05-31 15:21:42,348  
[OHLC hard — high < low] 0 rows → dropping
2026-05-31 15:21:43,544  [OHLC soft — high<max(O,C) or low>min(O,C)] 0 flagged (kept)
2026-05-31 15:21:43,717  
[Weekend bars] 0 total (Sat: 0, Sun: 0) → dropping
2026-05-31 15:21:43,727  
[tick_volume == 0] 0 bars (kept — thin market / data artifact)
2026-05-31 15:21:43,735  [volume == 0] 7,490,462 bars (82.4%)
2026-05-31 15:21:43,735  [volume > 0]  1,595,512 bars (17.6%) — 2015+ broker aggregation data
2026-05-31 15:21:43,735  
--- Gap analysis ---
2026-05-31 15:21:43,959  Median bar gap : 60s  (expected 60s)
2026-05-31 15:21:43,972  Min bar gap    : 60s
2026-05-31 15:21:43,988  Max bar gap    : 306120s
2026-05-31 15:21:43,996  Gaps > 60 min  : 1,394
2026-05-31 15:21:44,711    Weekend gaps (>=60 min) : 1,310
2026-05-31 15:21:44,711    Intra-week gaps (>=60 min): 84
2026-05-31 15:21:44,716  
  Top intra-week gaps:
                gap_start                   gap_end  gap_hours  is_weekend
2009-12-24 18:59:00+00:00 2009-12-28 00:00:00+00:00  77.016667       False
2009-12-31 18:59:00+00:00 2010-01-04 00:00:00+00:00  77.016667       False
2015-12-24 19:59:00+00:00 2015-12-28 00:06:00+00:00  76.116667       False
2015-12-31 19:59:00+00:00 2016-01-04 00:05:00+00:00  76.100000       False
2020-12-31 20:59:00+00:00 2021-01-04 00:05:00+00:00  75.100000       False
2020-12-24 20:59:00+00:00 2020-12-28 00:05:00+00:00  75.100000       False
2000-04-13 22:54:00+00:00 2000-04-17 00:01:00+00:00  73.116667       False
2003-12-18 23:58:00+00:00 2003-12-22 00:01:00+00:00  72.050000       False
2002-08-01 23:59:00+00:00 2002-08-05 00:01:00+00:00  72.033333       False
2003-01-16 23:59:00+00:00 2003-01-20 00:01:00+00:00  72.033333       False
2003-07-03 23:59:00+00:00 2003-07-07 00:01:00+00:00  72.033333       False
2004-06-03 23:59:00+00:00 2004-06-07 00:01:00+00:00  72.033333       False
2002-02-14 23:59:00+00:00 2002-02-18 00:01:00+00:00  72.033333       False
2000-09-28 23:59:00+00:00 2000-10-02 00:01:00+00:00  72.033333       False
2001-08-30 23:59:00+00:00 2001-09-03 00:01:00+00:00  72.033333       False
2005-10-20 23:59:00+00:00 2005-10-24 00:01:00+00:00  72.033333       False
2005-05-05 23:59:00+00:00 2005-05-09 00:00:00+00:00  72.016667       False
2006-04-06 23:59:00+00:00 2006-04-10 00:00:00+00:00  72.016667       False
2001-03-15 23:59:00+00:00 2001-03-19 00:00:00+00:00  72.016667       False
2007-12-24 18:59:00+00:00 2007-12-26 12:00:00+00:00  41.016667       False
2026-05-31 15:21:46,344  
--- Parquet written ---
2026-05-31 15:21:46,344  Path      : C:\Projects\My\Re-Diggn\data\processed\eurusd_m1.parquet
2026-05-31 15:21:46,344  File size : 130.62 MB
2026-05-31 15:21:46,345  
=================================================================
2026-05-31 15:21:46,345  FINAL SUMMARY
2026-05-31 15:21:46,345  =================================================================
2026-05-31 15:21:46,345  Total rows after cleaning  : 9,085,974
2026-05-31 15:21:46,345  Total raw rows (pre-clean) : 9,085,974
2026-05-31 15:21:46,345  Rows removed               : 0
2026-05-31 15:21:46,346  Date range                 : 2000-01-03 00:01:00+00:00  →  2025-05-23 01:34:00+00:00
2026-05-31 15:21:46,346  DataFrame memory           : 587.3 MB
2026-05-31 15:21:46,346  Parquet file (snappy)      : 130.62 MB
2026-05-31 15:21:46,346  
Data quality issues:
2026-05-31 15:21:46,346    duplicate_timestamps                                          0
2026-05-31 15:21:46,346    out_of_order_rows                                             0
2026-05-31 15:21:46,346    zero_or_negative_prices                                       0
2026-05-31 15:21:46,346    ohlc_high_lt_low_dropped                                      0
2026-05-31 15:21:46,346    ohlc_soft_violations_flagged_kept                             0
2026-05-31 15:21:46,346    weekend_bars_dropped                                          0
2026-05-31 15:21:46,346    zero_tick_volume_flagged_kept                                 0
2026-05-31 15:21:46,346    weekend_gaps_over60min                                    1,310
2026-05-31 15:21:46,346    intraweek_gaps_over60min                                     84
2026-05-31 15:21:46,346    total_raw_rows                                        9,085,974
2026-05-31 15:21:46,346  
Column dtypes:
2026-05-31 15:21:46,347    open            float32
2026-05-31 15:21:46,347    high            float32
2026-05-31 15:21:46,347    low             float32
2026-05-31 15:21:46,347    close           float32
2026-05-31 15:21:46,347    tick_volume     int32
2026-05-31 15:21:46,347    volume          int64
2026-05-31 15:21:46,347    spread          int16
2026-05-31 15:21:46,347  =================================================================
2026-05-31 15:21:46,347  
--- Verification read-back ---
2026-05-31 15:21:46,561  <class 'pandas.DataFrame'>
DatetimeIndex: 9085974 entries, 2000-01-03 00:01:00+00:00 to 2025-05-23 01:34:00+00:00
Data columns (total 7 columns):
 #   Column       Dtype  
---  ------       -----  
 0   open         float32
 1   high         float32
 2   low          float32
 3   close        float32
 4   tick_volume  int32  
 5   volume       int64  
 6   spread       int16  
dtypes: float32(4), int16(1), int32(1), int64(1)
memory usage: 329.3 MB

2026-05-31 15:21:47,672  
Describe:
               open          high           low         close   tick_volume        volume        spread
count  9.085974e+06  9.085974e+06  9.085974e+06  9.085974e+06  9.085974e+06  9.085974e+06  9.085974e+06
mean   1.185450e+00  1.185575e+00  1.185328e+00  1.185449e+00  7.934843e+01  3.189695e+07  2.138160e+01
std    1.547547e-01  1.547426e-01  1.547666e-01  1.547552e-01  1.499573e+02  1.617886e+08  1.546095e+01
min    8.231000e-01  8.234000e-01  8.227000e-01  8.231000e-01  1.000000e+00  0.000000e+00  0.000000e+00
25%    1.087100e+00  1.087200e+00  1.087000e+00  1.087100e+00  8.000000e+00  0.000000e+00  1.000000e+01
50%    1.174790e+00  1.174900e+00  1.174690e+00  1.174790e+00  2.800000e+01  0.000000e+00  1.600000e+01
75%    1.302770e+00  1.302900e+00  1.302650e+00  1.302780e+00  7.900000e+01  0.000000e+00  3.000000e+01
max    1.603400e+00  1.603800e+00  1.602800e+00  1.603500e+00  1.455900e+04  8.000450e+10  6.080000e+02
2026-05-31 15:21:47,672  Script completed successfully.
